<?xml version="1.0" encoding="UTF-8"?>
<!-- Generated by org.testng.reporters.JUnitXMLReporter -->
<testsuite ignored="0" hostname="um" failures="0" tests="6" name="Default test" time="27.737" errors="0" timestamp="2022-05-17T10:21:43 IST">
  <testcase classname="GoPadelTest.GoPadelTest" name="bookingCalenderTest" time="6.294"/>
  <testcase classname="GoPadelTest.GoPadelTest" name="bookingPopupTest" time="10.789"/>
  <testcase classname="GoPadelTest.GoPadelTest" name="trainerBookingTest" time="2.454"/>
  <testcase classname="GoPadelTest.GoPadelTest" name="recurringBookingTest" time="2.205"/>
  <testcase classname="GoPadelTest.GoPadelTest" name="manageBookPageTest" time="5.51"/>
  <testcase classname="GoPadelTest.GoPadelTest" name="blockTimePageTest" time="0.208"/>
</testsuite> <!-- Default test -->
