<?xml version="1.0" encoding="UTF-8"?>
<!-- Generated by org.testng.reporters.JUnitXMLReporter -->
<testsuite ignored="0" hostname="DESKTOP-3SKVL4P" failures="0" tests="21" name="Default test" time="95.951" errors="0" timestamp="2022-05-26T23:18:39 IST">
  <testcase classname="GoPadelTest.GoPadelTest" name="loginTest" time="0.883"/>
  <testcase classname="GoPadelTest.GoPadelTest" name="loginfunction" time="30.151"/>
  <testcase classname="GoPadelTest.GoPadelTest" name="loginfunction" time="1.164"/>
  <testcase classname="GoPadelTest.GoPadelTest" name="loginfunction" time="0.968"/>
  <testcase classname="GoPadelTest.GoPadelTest" name="loginfunction" time="0.995"/>
  <testcase classname="GoPadelTest.GoPadelTest" name="loginfunction" time="2.456"/>
  <testcase classname="GoPadelTest.GoPadelTest" name="main" time="2.068"/>
  <testcase classname="GoPadelTest.GoPadelTest" name="forgetPassword" time="2.824"/>
  <testcase classname="GoPadelTest.GoPadelTest" name="PadelBranchesTest" time="6.605"/>
  <testcase classname="GoPadelTest.GoPadelTest" name="padellistPageTest" time="1.598"/>
  <testcase classname="GoPadelTest.GoPadelTest" name="addpadelpage" time="7.119"/>
  <testcase classname="GoPadelTest.GoPadelTest" name="VerifyAddedPadelBranchTest" time="0.171"/>
  <testcase classname="GoPadelTest.GoPadelTest" name="clickOnPadelBranches" time="5.094"/>
  <testcase classname="GoPadelTest.GoPadelTest" name="PadelBranchPageTest" time="4.653"/>
  <testcase classname="GoPadelTest.GoPadelTest" name="AddPadelBranchPage" time="8.31"/>
  <testcase classname="GoPadelTest.GoPadelTest" name="clickOnPadelcourt" time="3.163"/>
  <testcase classname="GoPadelTest.GoPadelTest" name="PadelCourtsPage" time="5.315"/>
  <testcase classname="GoPadelTest.GoPadelTest" name="AddPadelCourtsPage" time="4.762"/>
  <testcase classname="GoPadelTest.GoPadelTest" name="DiscountCoupons" time="1.928"/>
  <testcase classname="GoPadelTest.GoPadelTest" name="clickcreatecoupns" time="3.967"/>
  <testcase classname="GoPadelTest.GoPadelTest" name="coupenList" time="1.448"/>
</testsuite> <!-- Default test -->
