<?xml version="1.0" encoding="UTF-8"?>
<testng-results ignored="0" total="6" passed="6" failed="0" skipped="0">
  <reporter-output>
  </reporter-output>
  <suite started-at="2022-05-17T10:21:15 IST" name="Default suite" finished-at="2022-05-17T10:21:43 IST" duration-ms="27737">
    <groups>
    </groups>
    <test started-at="2022-05-17T10:21:15 IST" name="Default test" finished-at="2022-05-17T10:21:43 IST" duration-ms="27737">
      <class name="GoPadelTest.GoPadelTest">
        <test-method is-config="true" signature="suiteSetup()[pri:0, instance:GoPadelTest.GoPadelTest@26be6ca7]" started-at="2022-05-17T10:21:08 IST" name="suiteSetup" finished-at="2022-05-17T10:21:15 IST" duration-ms="7101" status="PASS">
          <reporter-output>
          </reporter-output>
        </test-method> <!-- suiteSetup -->
        <test-method signature="bookingCalenderTest()[pri:0, instance:GoPadelTest.GoPadelTest@26be6ca7]" started-at="2022-05-17T10:21:15 IST" name="bookingCalenderTest" finished-at="2022-05-17T10:21:21 IST" duration-ms="6294" status="PASS">
          <reporter-output>
          </reporter-output>
        </test-method> <!-- bookingCalenderTest -->
        <test-method signature="bookingPopupTest()[pri:1, instance:GoPadelTest.GoPadelTest@26be6ca7]" started-at="2022-05-17T10:21:21 IST" name="bookingPopupTest" finished-at="2022-05-17T10:21:32 IST" duration-ms="10789" status="PASS">
          <reporter-output>
          </reporter-output>
        </test-method> <!-- bookingPopupTest -->
        <test-method signature="trainerBookingTest()[pri:2, instance:GoPadelTest.GoPadelTest@26be6ca7]" started-at="2022-05-17T10:21:32 IST" name="trainerBookingTest" finished-at="2022-05-17T10:21:35 IST" duration-ms="2454" status="PASS">
          <reporter-output>
          </reporter-output>
        </test-method> <!-- trainerBookingTest -->
        <test-method signature="recurringBookingTest()[pri:3, instance:GoPadelTest.GoPadelTest@26be6ca7]" started-at="2022-05-17T10:21:35 IST" name="recurringBookingTest" finished-at="2022-05-17T10:21:37 IST" duration-ms="2205" status="PASS">
          <reporter-output>
          </reporter-output>
        </test-method> <!-- recurringBookingTest -->
        <test-method signature="manageBookPageTest()[pri:4, instance:GoPadelTest.GoPadelTest@26be6ca7]" started-at="2022-05-17T10:21:37 IST" name="manageBookPageTest" finished-at="2022-05-17T10:21:42 IST" duration-ms="5510" status="PASS">
          <reporter-output>
          </reporter-output>
        </test-method> <!-- manageBookPageTest -->
        <test-method signature="blockTimePageTest()[pri:5, instance:GoPadelTest.GoPadelTest@26be6ca7]" started-at="2022-05-17T10:21:42 IST" name="blockTimePageTest" finished-at="2022-05-17T10:21:43 IST" duration-ms="208" status="PASS">
          <reporter-output>
          </reporter-output>
        </test-method> <!-- blockTimePageTest -->
        <test-method is-config="true" signature="suiteTearDown()[pri:0, instance:GoPadelTest.GoPadelTest@26be6ca7]" started-at="2022-05-17T10:21:43 IST" name="suiteTearDown" finished-at="2022-05-17T10:21:43 IST" duration-ms="411" status="PASS">
          <reporter-output>
          </reporter-output>
        </test-method> <!-- suiteTearDown -->
      </class> <!-- GoPadelTest.GoPadelTest -->
    </test> <!-- Default test -->
  </suite> <!-- Default suite -->
</testng-results>
